# JRE version: Java(TM) SE Runtime Environment (7.0_45-b18) (build 1.7.0_45-b18)
# Java VM: Java HotSpot(TM) 64-Bit Server VM (24.45-b08 mixed mode bsd-amd64 compressed oops)
Heap
 PSYoungGen      total 38912K, used 11339K [0x00000007d5500000, 0x00000007d8000000, 0x0000000800000000)
  eden space 33792K, 18% used [0x00000007d5500000,0x00000007d5b41348,0x00000007d7600000)
  from space 5120K, 96% used [0x00000007d7600000,0x00000007d7ad1c60,0x00000007d7b00000)
  to   space 5120K, 0% used [0x00000007d7b00000,0x00000007d7b00000,0x00000007d8000000)
 ParOldGen       total 87040K, used 24835K [0x0000000780000000, 0x0000000785500000, 0x00000007d5500000)
  object space 87040K, 28% used [0x0000000780000000,0x0000000781840c78,0x0000000785500000)
 PSPermGen       total 21504K, used 7571K [0x000000077ae00000, 0x000000077c300000, 0x0000000780000000)
  object space 21504K, 35% used [0x000000077ae00000,0x000000077b564da8,0x000000077c300000)
GC Heap History (6 events):
Event: 3.074 GC heap before
{Heap before GC invocations=1 (full 0):
 PSYoungGen      total 38912K, used 33289K [0x00000007d5500000, 0x00000007d8000000, 0x0000000800000000)
  eden space 33792K, 98% used [0x00000007d5500000,0x00000007d75824d0,0x00000007d7600000)
  from space 5120K, 0% used [0x00000007d7b00000,0x00000007d7b00000,0x00000007d8000000)
  to   space 5120K, 0% used [0x00000007d7600000,0x00000007d7600000,0x00000007d7b00000)
 ParOldGen       total 87040K, used 0K [0x0000000780000000, 0x0000000785500000, 0x00000007d5500000)
  object space 87040K, 0% used [0x0000000780000000,0x0000000780000000,0x0000000785500000)
 PSPermGen       total 21504K, used 7475K [0x000000077ae00000, 0x000000077c300000, 0x0000000780000000)
  object space 21504K, 34% used [0x000000077ae00000,0x000000077b54cd80,0x000000077c300000)
Event: 3.078 GC heap after
Heap after GC invocations=1 (full 0):
 PSYoungGen      total 38912K, used 4615K [0x00000007d5500000, 0x00000007d8000000, 0x0000000800000000)
  eden space 33792K, 0% used [0x00000007d5500000,0x00000007d5500000,0x00000007d7600000)
  from space 5120K, 90% used [0x00000007d7600000,0x00000007d7a81df0,0x00000007d7b00000)
  to   space 5120K, 0% used [0x00000007d7b00000,0x00000007d7b00000,0x00000007d8000000)
 ParOldGen       total 87040K, used 7278K [0x0000000780000000, 0x0000000785500000, 0x00000007d5500000)
  object space 87040K, 8% used [0x0000000780000000,0x000000078071bbc0,0x0000000785500000)
 PSPermGen       total 21504K, used 7475K [0x000000077ae00000, 0x000000077c300000, 0x0000000780000000)
  object space 21504K, 34% used [0x000000077ae00000,0x000000077b54cd80,0x000000077c300000)
}
Event: 3.235 GC heap before
{Heap before GC invocations=2 (full 0):
 PSYoungGen      total 38912K, used 35517K [0x00000007d5500000, 0x00000007d8000000, 0x0000000800000000)
  eden space 33792K, 91% used [0x00000007d5500000,0x00000007d732d6f0,0x00000007d7600000)
  from space 5120K, 90% used [0x00000007d7600000,0x00000007d7a81df0,0x00000007d7b00000)
  to   space 5120K, 0% used [0x00000007d7b00000,0x00000007d7b00000,0x00000007d8000000)
 ParOldGen       total 87040K, used 7278K [0x0000000780000000, 0x0000000785500000, 0x00000007d5500000)
  object space 87040K, 8% used [0x0000000780000000,0x000000078071bbc0,0x0000000785500000)
 PSPermGen       total 21504K, used 7479K [0x000000077ae00000, 0x000000077c300000, 0x0000000780000000)
  object space 21504K, 34% used [0x000000077ae00000,0x000000077b54ddb0,0x000000077c300000)
Event: 3.240 GC heap after
Heap after GC invocations=2 (full 0):
 PSYoungGen      total 38912K, used 5030K [0x00000007d5500000, 0x00000007da100000, 0x0000000800000000)
  eden space 33792K, 0% used [0x00000007d5500000,0x00000007d5500000,0x00000007d7600000)
  from space 5120K, 98% used [0x00000007d7b00000,0x00000007d7fe9980,0x00000007d8000000)
  to   space 5120K, 0% used [0x00000007d7600000,0x00000007d7600000,0x00000007d7b00000)
 ParOldGen       total 87040K, used 15451K [0x0000000780000000, 0x0000000785500000, 0x00000007d5500000)
  object space 87040K, 17% used [0x0000000780000000,0x0000000780f16ea0,0x0000000785500000)
 PSPermGen       total 21504K, used 7479K [0x000000077ae00000, 0x000000077c300000, 0x0000000780000000)
  object space 21504K, 34% used [0x000000077ae00000,0x000000077b54ddb0,0x000000077c300000)
}
Event: 355.841 GC heap before
{Heap before GC invocations=3 (full 0):
 PSYoungGen      total 38912K, used 37454K [0x00000007d5500000, 0x00000007da100000, 0x0000000800000000)
  eden space 33792K, 95% used [0x00000007d5500000,0x00000007d74a9e80,0x00000007d7600000)
  from space 5120K, 98% used [0x00000007d7b00000,0x00000007d7fe9980,0x00000007d8000000)
  to   space 5120K, 0% used [0x00000007d7600000,0x00000007d7600000,0x00000007d7b00000)
 ParOldGen       total 87040K, used 15451K [0x0000000780000000, 0x0000000785500000, 0x00000007d5500000)
  object space 87040K, 17% used [0x0000000780000000,0x0000000780f16ea0,0x0000000785500000)
 PSPermGen       total 21504K, used 7571K [0x000000077ae00000, 0x000000077c300000, 0x0000000780000000)
  object space 21504K, 35% used [0x000000077ae00000,0x000000077b564da8,0x000000077c300000)
Event: 355.858 GC heap after
Heap after GC invocations=3 (full 0):
 PSYoungGen      total 38912K, used 4935K [0x00000007d5500000, 0x00000007d8000000, 0x0000000800000000)
  eden space 33792K, 0% used [0x00000007d5500000,0x00000007d5500000,0x00000007d7600000)
  from space 5120K, 96% used [0x00000007d7600000,0x00000007d7ad1c60,0x00000007d7b00000)
  to   space 5120K, 0% used [0x00000007d7b00000,0x00000007d7b00000,0x00000007d8000000)
 ParOldGen       total 87040K, used 24835K [0x0000000780000000, 0x0000000785500000, 0x00000007d5500000)
  object space 87040K, 28% used [0x0000000780000000,0x0000000781840c78,0x0000000785500000)
 PSPermGen       total 21504K, used 7571K [0x000000077ae00000, 0x000000077c300000, 0x0000000780000000)
  object space 21504K, 35% used [0x000000077ae00000,0x000000077b564da8,0x000000077c300000)
}

